2019-03-22 10:38:02,867 [Worker-5: Loading available Gradle versions] INFO  o.e.b.c.i.u.g.PublishedGradleVersions - Gradle version information cache is out-of-date. Trying to update.
2019-08-06 13:50:25,977 [Worker-0: Loading available Gradle versions] INFO  c.g.t.t.d.PublishedGradleVersions - Gradle version information cache is out-of-date. Trying to update.
2019-08-06 13:52:33,994 [Worker-25: Updating Maven Dependencies] INFO  o.e.m.c.i.l.LifecycleMappingFactory - Using NULL lifecycle mapping for MavenProject: com.modeln:automation:1.0-SNAPSHOT @ /Users/jdakshini/selenium/revvy-cpq-automation/pom.xml.
2019-08-06 13:52:36,178 [Worker-25: Updating Maven Dependencies] INFO  o.e.m.c.i.l.LifecycleMappingFactory - Using org.eclipse.m2e.jdt.JarLifecycleMapping lifecycle mapping for MavenProject: com.modeln:cm:1.0-SNAPSHOT @ /Users/jdakshini/selenium/revvy-cpq-automation/cm/pom.xml.
2019-08-06 13:52:36,190 [Worker-25: Updating Maven Dependencies] WARN  o.e.m.c.i.embedder.EclipseLogger - The POM for com.modeln:base:jar:1.0-SNAPSHOT is missing, no dependency information available
2019-08-06 13:52:37,849 [Worker-27: Building workspace] INFO  o.e.m.c.i.l.LifecycleMappingFactory - Using org.eclipse.m2e.jdt.JarLifecycleMapping lifecycle mapping for MavenProject: com.modeln:base:1.0-SNAPSHOT @ /Users/jdakshini/selenium/revvy-cpq-automation/base/pom.xml.
2019-08-06 13:52:38,248 [Worker-27: Building workspace] INFO  o.e.m.c.i.l.LifecycleMappingFactory - Using org.eclipse.m2e.jdt.JarLifecycleMapping lifecycle mapping for MavenProject: com.modeln:cm:1.0-SNAPSHOT @ /Users/jdakshini/selenium/revvy-cpq-automation/cm/pom.xml.
2019-08-06 13:52:38,268 [Worker-27: Building workspace] INFO  o.e.m.c.i.p.WorkspaceClassifierResolverManager - Resolving P/base: com.modeln:base:1.0-SNAPSHOT with classifier  to /base/target/classes
2019-08-06 13:52:38,797 [Worker-27: Building workspace] WARN  o.e.m.c.i.embedder.EclipseLogger - Using platform encoding (UTF-8 actually) to copy filtered resources, i.e. build is platform dependent!
2019-08-06 13:52:38,803 [Worker-27: Building workspace] INFO  o.e.m.c.i.embedder.EclipseLogger - Copying 4 resources
2019-08-06 13:52:39,471 [Worker-27: Building workspace] WARN  o.e.m.c.i.embedder.EclipseLogger - Using platform encoding (UTF-8 actually) to copy filtered resources, i.e. build is platform dependent!
2019-08-06 13:52:39,472 [Worker-27: Building workspace] INFO  o.e.m.c.i.embedder.EclipseLogger - skip non existing resourceDirectory /Users/jdakshini/selenium/revvy-cpq-automation/base/src/test/resources
2019-08-06 13:52:43,612 [Worker-21: Building workspace] WARN  o.e.m.c.i.embedder.EclipseLogger - Using platform encoding (UTF-8 actually) to copy filtered resources, i.e. build is platform dependent!
2019-08-06 13:52:43,618 [Worker-21: Building workspace] INFO  o.e.m.c.i.embedder.EclipseLogger - Copying 4 resources
2019-08-06 13:52:44,022 [Worker-21: Building workspace] WARN  o.e.m.c.i.embedder.EclipseLogger - Using platform encoding (UTF-8 actually) to copy filtered resources, i.e. build is platform dependent!
2019-08-06 13:52:44,023 [Worker-21: Building workspace] INFO  o.e.m.c.i.embedder.EclipseLogger - skip non existing resourceDirectory /Users/jdakshini/selenium/revvy-cpq-automation/base/src/test/resources
2019-08-06 13:52:46,197 [Worker-25: Building workspace] INFO  o.e.m.c.i.l.LifecycleMappingFactory - Using org.eclipse.m2e.jdt.JarLifecycleMapping lifecycle mapping for MavenProject: com.modeln:cfls:1.0-SNAPSHOT @ /Users/jdakshini/selenium/revvy-cpq-automation/cfls/pom.xml.
2019-08-06 13:52:46,411 [Worker-25: Building workspace] INFO  o.e.m.c.i.p.WorkspaceClassifierResolverManager - Resolving P/base: com.modeln:base:1.0-SNAPSHOT with classifier  to /base/target/classes
2019-08-06 13:52:46,495 [Worker-25: Building workspace] WARN  o.e.m.c.i.embedder.EclipseLogger - Using platform encoding (UTF-8 actually) to copy filtered resources, i.e. build is platform dependent!
2019-08-06 13:52:46,496 [Worker-25: Building workspace] INFO  o.e.m.c.i.embedder.EclipseLogger - skip non existing resourceDirectory /Users/jdakshini/selenium/revvy-cpq-automation/cfls/src/main/resources
2019-08-06 13:52:46,497 [Worker-25: Building workspace] WARN  o.e.m.c.i.embedder.EclipseLogger - Using platform encoding (UTF-8 actually) to copy filtered resources, i.e. build is platform dependent!
2019-08-06 13:52:46,498 [Worker-25: Building workspace] INFO  o.e.m.c.i.embedder.EclipseLogger - Copying 27 resources
2019-08-06 13:52:47,453 [Worker-25: Building workspace] INFO  o.e.m.c.i.p.WorkspaceClassifierResolverManager - Resolving P/base: com.modeln:base:1.0-SNAPSHOT with classifier  to /base/target/classes
2019-08-06 13:52:47,467 [Worker-25: Building workspace] WARN  o.e.m.c.i.embedder.EclipseLogger - Using platform encoding (UTF-8 actually) to copy filtered resources, i.e. build is platform dependent!
2019-08-06 13:52:47,469 [Worker-25: Building workspace] INFO  o.e.m.c.i.embedder.EclipseLogger - skip non existing resourceDirectory /Users/jdakshini/selenium/revvy-cpq-automation/cm/src/main/resources
2019-08-06 13:52:47,470 [Worker-25: Building workspace] WARN  o.e.m.c.i.embedder.EclipseLogger - Using platform encoding (UTF-8 actually) to copy filtered resources, i.e. build is platform dependent!
2019-08-06 13:52:47,472 [Worker-25: Building workspace] INFO  o.e.m.c.i.embedder.EclipseLogger - Copying 18 resources
2019-08-06 13:52:50,966 [Worker-8: Building workspace] INFO  o.e.m.c.i.p.WorkspaceClassifierResolverManager - Resolving P/base: com.modeln:base:1.0-SNAPSHOT with classifier  to /base/target/classes
2019-08-06 13:52:50,981 [Worker-8: Building workspace] WARN  o.e.m.c.i.embedder.EclipseLogger - Using platform encoding (UTF-8 actually) to copy filtered resources, i.e. build is platform dependent!
2019-08-06 13:52:50,982 [Worker-8: Building workspace] INFO  o.e.m.c.i.embedder.EclipseLogger - skip non existing resourceDirectory /Users/jdakshini/selenium/revvy-cpq-automation/cfls/src/main/resources
2019-08-06 13:52:50,985 [Worker-8: Building workspace] WARN  o.e.m.c.i.embedder.EclipseLogger - Using platform encoding (UTF-8 actually) to copy filtered resources, i.e. build is platform dependent!
2019-08-06 13:52:50,987 [Worker-8: Building workspace] INFO  o.e.m.c.i.embedder.EclipseLogger - Copying 27 resources
2019-08-06 13:52:51,131 [Worker-8: Building workspace] INFO  o.e.m.c.i.l.LifecycleMappingFactory - Using org.eclipse.m2e.jdt.JarLifecycleMapping lifecycle mapping for MavenProject: com.modeln:cpq:1.0-SNAPSHOT @ /Users/jdakshini/selenium/revvy-cpq-automation/cpq/pom.xml.
2019-08-06 13:52:51,375 [Worker-8: Building workspace] INFO  o.e.m.c.i.p.WorkspaceClassifierResolverManager - Resolving P/base: com.modeln:base:1.0-SNAPSHOT with classifier  to /base/target/classes
2019-08-06 13:52:51,469 [Worker-8: Building workspace] WARN  o.e.m.c.i.embedder.EclipseLogger - Using platform encoding (UTF-8 actually) to copy filtered resources, i.e. build is platform dependent!
2019-08-06 13:52:51,470 [Worker-8: Building workspace] INFO  o.e.m.c.i.embedder.EclipseLogger - skip non existing resourceDirectory /Users/jdakshini/selenium/revvy-cpq-automation/cpq/src/main/resources
2019-08-06 13:52:51,471 [Worker-8: Building workspace] WARN  o.e.m.c.i.embedder.EclipseLogger - Using platform encoding (UTF-8 actually) to copy filtered resources, i.e. build is platform dependent!
2019-08-06 13:52:51,473 [Worker-8: Building workspace] INFO  o.e.m.c.i.embedder.EclipseLogger - Copying 19 resources
2019-08-06 13:52:54,920 [Worker-16: Building workspace] INFO  o.e.m.c.i.p.WorkspaceClassifierResolverManager - Resolving P/base: com.modeln:base:1.0-SNAPSHOT with classifier  to /base/target/classes
2019-08-06 13:52:54,935 [Worker-16: Building workspace] WARN  o.e.m.c.i.embedder.EclipseLogger - Using platform encoding (UTF-8 actually) to copy filtered resources, i.e. build is platform dependent!
2019-08-06 13:52:54,936 [Worker-16: Building workspace] INFO  o.e.m.c.i.embedder.EclipseLogger - skip non existing resourceDirectory /Users/jdakshini/selenium/revvy-cpq-automation/cpq/src/main/resources
2019-08-06 13:52:54,938 [Worker-16: Building workspace] WARN  o.e.m.c.i.embedder.EclipseLogger - Using platform encoding (UTF-8 actually) to copy filtered resources, i.e. build is platform dependent!
2019-08-06 13:52:54,941 [Worker-16: Building workspace] INFO  o.e.m.c.i.embedder.EclipseLogger - Copying 19 resources
2019-08-06 13:52:55,321 [Worker-16: Building workspace] INFO  o.e.m.c.i.l.LifecycleMappingFactory - Using org.eclipse.m2e.jdt.JarLifecycleMapping lifecycle mapping for MavenProject: com.modeln:engine:1.0-SNAPSHOT @ /Users/jdakshini/selenium/revvy-cpq-automation/engine/pom.xml.
2019-08-06 13:52:55,526 [Worker-16: Building workspace] INFO  o.e.m.c.i.p.WorkspaceClassifierResolverManager - Resolving P/base: com.modeln:base:1.0-SNAPSHOT with classifier  to /base/target/classes
2019-08-06 13:52:55,625 [Worker-16: Building workspace] WARN  o.e.m.c.i.embedder.EclipseLogger - Using platform encoding (UTF-8 actually) to copy filtered resources, i.e. build is platform dependent!
2019-08-06 13:52:55,626 [Worker-16: Building workspace] INFO  o.e.m.c.i.embedder.EclipseLogger - skip non existing resourceDirectory /Users/jdakshini/selenium/revvy-cpq-automation/engine/src/main/resources
2019-08-06 13:52:55,628 [Worker-16: Building workspace] WARN  o.e.m.c.i.embedder.EclipseLogger - Using platform encoding (UTF-8 actually) to copy filtered resources, i.e. build is platform dependent!
2019-08-06 13:52:55,629 [Worker-16: Building workspace] INFO  o.e.m.c.i.embedder.EclipseLogger - Copying 14 resources
2019-08-06 13:52:57,978 [Worker-2: Building workspace] INFO  o.e.m.c.i.p.WorkspaceClassifierResolverManager - Resolving P/base: com.modeln:base:1.0-SNAPSHOT with classifier  to /base/target/classes
2019-08-06 13:52:57,990 [Worker-2: Building workspace] WARN  o.e.m.c.i.embedder.EclipseLogger - Using platform encoding (UTF-8 actually) to copy filtered resources, i.e. build is platform dependent!
2019-08-06 13:52:57,991 [Worker-2: Building workspace] INFO  o.e.m.c.i.embedder.EclipseLogger - skip non existing resourceDirectory /Users/jdakshini/selenium/revvy-cpq-automation/engine/src/main/resources
2019-08-06 13:52:57,992 [Worker-2: Building workspace] WARN  o.e.m.c.i.embedder.EclipseLogger - Using platform encoding (UTF-8 actually) to copy filtered resources, i.e. build is platform dependent!
2019-08-06 13:52:57,994 [Worker-2: Building workspace] INFO  o.e.m.c.i.embedder.EclipseLogger - Copying 14 resources
2019-08-06 13:52:58,206 [Worker-2: Building workspace] INFO  o.e.m.c.i.l.LifecycleMappingFactory - Using org.eclipse.m2e.jdt.JarLifecycleMapping lifecycle mapping for MavenProject: com.modeln:indnet:1.0-SNAPSHOT @ /Users/jdakshini/selenium/revvy-cpq-automation/indnet/pom.xml.
2019-08-06 13:52:58,399 [Worker-2: Building workspace] INFO  o.e.m.c.i.p.WorkspaceClassifierResolverManager - Resolving P/base: com.modeln:base:1.0-SNAPSHOT with classifier  to /base/target/classes
2019-08-06 13:52:58,563 [Worker-2: Building workspace] WARN  o.e.m.c.i.embedder.EclipseLogger - Using platform encoding (UTF-8 actually) to copy filtered resources, i.e. build is platform dependent!
2019-08-06 13:52:58,564 [Worker-2: Building workspace] INFO  o.e.m.c.i.embedder.EclipseLogger - Copying 9 resources
2019-08-06 13:52:58,572 [Worker-2: Building workspace] WARN  o.e.m.c.i.embedder.EclipseLogger - Using platform encoding (UTF-8 actually) to copy filtered resources, i.e. build is platform dependent!
2019-08-06 13:52:58,574 [Worker-2: Building workspace] INFO  o.e.m.c.i.embedder.EclipseLogger - Copying 9 resources
2019-08-06 13:53:07,443 [Worker-28: Building workspace] INFO  o.e.m.c.i.p.WorkspaceClassifierResolverManager - Resolving P/base: com.modeln:base:1.0-SNAPSHOT with classifier  to /base/target/classes
2019-08-06 13:53:07,477 [Worker-28: Building workspace] WARN  o.e.m.c.i.embedder.EclipseLogger - Using platform encoding (UTF-8 actually) to copy filtered resources, i.e. build is platform dependent!
2019-08-06 13:53:07,480 [Worker-28: Building workspace] INFO  o.e.m.c.i.embedder.EclipseLogger - Copying 9 resources
2019-08-06 13:53:07,489 [Worker-28: Building workspace] WARN  o.e.m.c.i.embedder.EclipseLogger - Using platform encoding (UTF-8 actually) to copy filtered resources, i.e. build is platform dependent!
2019-08-06 13:53:07,491 [Worker-28: Building workspace] INFO  o.e.m.c.i.embedder.EclipseLogger - Copying 9 resources
2019-08-06 13:53:07,882 [Worker-28: Building workspace] INFO  o.e.m.c.i.l.LifecycleMappingFactory - Using org.eclipse.m2e.jdt.JarLifecycleMapping lifecycle mapping for MavenProject: com.modeln:rebates:Spring_19 @ /Users/jdakshini/selenium/revvy-cpq-automation/rebates/pom.xml.
2019-08-06 13:53:08,794 [Worker-28: Building workspace] INFO  o.e.m.c.i.embedder.EclipseLogger - Using 'UTF-8' encoding to copy filtered resources.
2019-08-06 13:53:08,794 [Worker-28: Building workspace] INFO  o.e.m.c.i.embedder.EclipseLogger - Copying 1 resource
2019-08-06 13:53:08,840 [Worker-28: Building workspace] INFO  o.e.m.c.i.embedder.EclipseLogger - Using 'UTF-8' encoding to copy filtered resources.
2019-08-06 13:53:08,841 [Worker-28: Building workspace] INFO  o.e.m.c.i.embedder.EclipseLogger - Copying 12 resources
2019-08-06 13:53:10,513 [Worker-16: Building workspace] INFO  o.e.m.c.i.l.LifecycleMappingFactory - Using org.eclipse.m2e.jdt.JarLifecycleMapping lifecycle mapping for MavenProject: com.modeln:tender:1.0-SNAPSHOT @ /Users/jdakshini/selenium/revvy-cpq-automation/tender/pom.xml.
2019-08-06 13:53:10,697 [Worker-16: Building workspace] INFO  o.e.m.c.i.p.WorkspaceClassifierResolverManager - Resolving P/base: com.modeln:base:1.0-SNAPSHOT with classifier  to /base/target/classes
2019-08-06 13:53:10,799 [Worker-16: Building workspace] WARN  o.e.m.c.i.embedder.EclipseLogger - Using platform encoding (UTF-8 actually) to copy filtered resources, i.e. build is platform dependent!
2019-08-06 13:53:10,800 [Worker-16: Building workspace] INFO  o.e.m.c.i.embedder.EclipseLogger - skip non existing resourceDirectory /Users/jdakshini/selenium/revvy-cpq-automation/tender/src/main/resources
2019-08-06 13:53:10,801 [Worker-16: Building workspace] WARN  o.e.m.c.i.embedder.EclipseLogger - Using platform encoding (UTF-8 actually) to copy filtered resources, i.e. build is platform dependent!
2019-08-06 13:53:10,802 [Worker-16: Building workspace] INFO  o.e.m.c.i.embedder.EclipseLogger - Copying 6 resources
2019-08-06 13:53:13,099 [Worker-24: Building workspace] INFO  o.e.m.c.i.p.WorkspaceClassifierResolverManager - Resolving P/base: com.modeln:base:1.0-SNAPSHOT with classifier  to /base/target/classes
2019-08-06 13:53:13,112 [Worker-24: Building workspace] WARN  o.e.m.c.i.embedder.EclipseLogger - Using platform encoding (UTF-8 actually) to copy filtered resources, i.e. build is platform dependent!
2019-08-06 13:53:13,113 [Worker-24: Building workspace] INFO  o.e.m.c.i.embedder.EclipseLogger - skip non existing resourceDirectory /Users/jdakshini/selenium/revvy-cpq-automation/tender/src/main/resources
2019-08-06 13:53:13,114 [Worker-24: Building workspace] WARN  o.e.m.c.i.embedder.EclipseLogger - Using platform encoding (UTF-8 actually) to copy filtered resources, i.e. build is platform dependent!
2019-08-06 13:53:13,116 [Worker-24: Building workspace] INFO  o.e.m.c.i.embedder.EclipseLogger - Copying 6 resources
